java.version : 12.0.1
java.vendor : AdoptOpenJDK
java.vendor.url : https://adoptopenjdk.net/
java.vm.specification.version : 12
java.vm.specification.name : Java Virtual Machine Specification
java.vm.version : openj9-0.14.1
java.vm.vendor : Eclipse OpenJ9
java.vm.name : Eclipse OpenJ9 VM
java.specification.version : 12
java.specification.vendor : Oracle Corporation
java.specification.name : Java Platform API Specification
java.class.version : 56.0
java.ext.dirs : null
os.name : Mac OS X
os.arch : amd64
os.version : 10.13.6

2019/09/06 16:19:14-File test/TestResources/MISSING_FILE.pgd does not exist.-java.io.IOException
java.io.IOException: File test/TestResources/MISSING_FILE.pgd does not exist.
	at org.darisadesigns.polyglotlina.polyglot/org.darisadesigns.polyglotlina.DictCore.readFile(DictCore.java:418)
	at org.darisadesigns.polyglotlina.polyglot/org.darisadesigns.polyglotlina.DictCore.readFile(DictCore.java:400)
	at org.darisadesigns.polyglotlina.polyglot/org.darisadesigns.polyglotlina.Screens.ScrMainMenu.setFile(ScrMainMenu.java:294)
	at org.darisadesigns.polyglotlina.polyglot/org.darisadesigns.polyglotlina.PolyGlot.lambda$main$0(PolyGlot.java:89)
	at org.darisadesigns.polyglotlina.PolyGlot$$Lambda$1290.000000005D2CD080.run(Unknown Source)
	at java.desktop/java.awt.event.InvocationEvent.dispatch(InvocationEvent.java:313)
	at java.desktop/java.awt.EventQueue.dispatchEventImpl(EventQueue.java:770)
	at java.desktop/java.awt.EventQueue$4.run(EventQueue.java:721)
	at java.desktop/java.awt.EventQueue$4.run(EventQueue.java:715)
	at java.base/java.security.AccessController.doPrivileged(AccessController.java:673)
	at java.base/java.security.ProtectionDomain$JavaSecurityAccessImpl.doIntersectionPrivilege(ProtectionDomain.java:85)
	at java.desktop/java.awt.EventQueue.dispatchEvent(EventQueue.java:740)
	at java.desktop/java.awt.EventDispatchThread.pumpOneEventForFilters(EventDispatchThread.java:203)
	at java.desktop/java.awt.EventDispatchThread.pumpEventsForFilter(EventDispatchThread.java:124)
	at java.desktop/java.awt.EventDispatchThread.pumpEventsForFilter(EventDispatchThread.java:117)
	at java.desktop/java.awt.WaitDispatchSupport$2.run(WaitDispatchSupport.java:190)
	at java.desktop/java.awt.WaitDispatchSupport$4.run(WaitDispatchSupport.java:235)
	at java.desktop/java.awt.WaitDispatchSupport$4.run(WaitDispatchSupport.java:233)
	at java.base/java.security.AccessController.doPrivileged(AccessController.java:647)
	at java.desktop/java.awt.WaitDispatchSupport.enter(WaitDispatchSupport.java:233)
	at java.desktop/java.awt.Dialog.show(Dialog.java:1070)
	at java.desktop/java.awt.Component.show(Component.java:1716)
	at java.desktop/java.awt.Component.setVisible(Component.java:1663)
	at java.desktop/java.awt.Window.setVisible(Window.java:1021)
	at java.desktop/java.awt.Dialog.setVisible(Dialog.java:1005)
	at org.darisadesigns.polyglotlina.polyglot/org.darisadesigns.polyglotlina.CustomControls.POptionPane.showOptionDialog(POptionPane.java:96)
	at org.darisadesigns.polyglotlina.polyglot/org.darisadesigns.polyglotlina.CustomControls.InfoBox.doError(InfoBox.java:230)
	at org.darisadesigns.polyglotlina.polyglot/org.darisadesigns.polyglotlina.CustomControls.InfoBox.error(InfoBox.java:131)
	at org.darisadesigns.polyglotlina.polyglot/org.darisadesigns.polyglotlina.Screens.ScrMainMenu.setFile(ScrMainMenu.java:304)
	at org.darisadesigns.polyglotlina.polyglot/org.darisadesigns.polyglotlina.PolyGlot.lambda$main$0(PolyGlot.java:89)
	at org.darisadesigns.polyglotlina.PolyGlot$$Lambda$1290.000000005D2CD080.run(Unknown Source)
	at java.desktop/java.awt.event.InvocationEvent.dispatch(InvocationEvent.java:313)
	at java.desktop/java.awt.EventQueue.dispatchEventImpl(EventQueue.java:770)
	at java.desktop/java.awt.EventQueue$4.run(EventQueue.java:721)
	at java.desktop/java.awt.EventQueue$4.run(EventQueue.java:715)
	at java.base/java.security.AccessController.doPrivileged(AccessController.java:673)
	at java.base/java.security.ProtectionDomain$JavaSecurityAccessImpl.doIntersectionPrivilege(ProtectionDomain.java:85)
	at java.desktop/java.awt.EventQueue.dispatchEvent(EventQueue.java:740)
	at java.desktop/java.awt.EventDispatchThread.pumpOneEventForFilters(EventDispatchThread.java:203)
	at java.desktop/java.awt.EventDispatchThread.pumpEventsForFilter(EventDispatchThread.java:124)
	at java.desktop/java.awt.EventDispatchThread.pumpEventsForHierarchy(EventDispatchThread.java:113)
	at java.desktop/java.awt.EventDispatchThread.pumpEvents(EventDispatchThread.java:109)
	at java.desktop/java.awt.EventDispatchThread.pumpEvents(EventDispatchThread.java:101)
	at java.desktop/java.awt.EventDispatchThread.run(EventDispatchThread.java:90)

