java.version : 12.0.2
java.vendor : Oracle Corporation
java.vendor.url : https://java.oracle.com/
java.vm.specification.version : 12
java.vm.specification.name : Java Virtual Machine Specification
java.vm.version : 12.0.2+10
java.vm.vendor : Oracle Corporation
java.vm.name : OpenJDK 64-Bit Server VM
java.specification.version : 12
java.specification.vendor : Oracle Corporation
java.specification.name : Java Platform API Specification
java.class.version : 56.0
java.ext.dirs : null
os.name : Mac OS X
os.arch : x86_64
os.version : 10.13.6

2019/09/10 17:32:15-Sep 10, 2019 5:31:37 PM com.itextpdf.io.font.TrueTypeFont initializeFontPropertiesWARNING: Font CharisSIL has invalid glyph: 3,685Sep 10, 2019 5:31:37 PM com.itextpdf.io.font.TrueTypeFont initializeFontPropertiesWARNING: Font CharisSIL has invalid glyph: 3,686Sep 10, 2019 5:31:37 PM com.itextpdf.io.font.TrueTypeFont initializeFontPropertiesWARNING: Font CharisSIL has invalid glyph: 3,687Sep 10, 2019 5:31:37 PM com.itextpdf.io.font.TrueTypeFont initializeFontPropertiesWARNING: Font CharisSIL has invalid glyph: 3,689Sep 10, 2019 5:31:37 PM com.itextpdf.io.font.TrueTypeFont initializeFontPropertiesWARNING: Font CharisSIL has invalid glyph: 3,688Sep 10, 2019 5:31:37 PM com.itextpdf.io.font.TrueTypeFont initializeFontPropertiesWARNING: Font CharisSIL has invalid glyph: 3,690Sep 10, 2019 5:31:37 PM com.itextpdf.io.font.TrueTypeFont initializeFontPropertiesWARNING: Font CharisSIL has invalid glyph: 3,691Sep 10, 2019 5:31:37 PM com.itextpdf.io.font.TrueTypeFont initializeFontPropertiesWARNING: Font CharisSIL-Italic has invalid glyph: 3,685Sep 10, 2019 5:31:37 PM com.itextpdf.io.font.TrueTypeFont initializeFontPropertiesWARNING: Font CharisSIL-Italic has invalid glyph: 3,686Sep 10, 2019 5:31:37 PM com.itextpdf.io.font.TrueTypeFont initializeFontPropertiesWARNING: Font CharisSIL-Italic has invalid glyph: 3,687Sep 10, 2019 5:31:37 PM com.itextpdf.io.font.TrueTypeFont initializeFontPropertiesWARNING: Font CharisSIL-Italic has invalid glyph: 3,689Sep 10, 2019 5:31:37 PM com.itextpdf.io.font.TrueTypeFont initializeFontPropertiesWARNING: Font CharisSIL-Italic has invalid glyph: 3,688Sep 10, 2019 5:31:37 PM com.itextpdf.io.font.TrueTypeFont initializeFontPropertiesWARNING: Font CharisSIL-Italic has invalid glyph: 3,690Sep 10, 2019 5:31:37 PM com.itextpdf.io.font.TrueTypeFont initializeFontPropertiesWARNING: Font CharisSIL-Italic has invalid glyph: 3,691-java.io.IOException
java.io.IOException: Sep 10, 2019 5:31:37 PM com.itextpdf.io.font.TrueTypeFont initializeFontPropertiesWARNING: Font CharisSIL has invalid glyph: 3,685Sep 10, 2019 5:31:37 PM com.itextpdf.io.font.TrueTypeFont initializeFontPropertiesWARNING: Font CharisSIL has invalid glyph: 3,686Sep 10, 2019 5:31:37 PM com.itextpdf.io.font.TrueTypeFont initializeFontPropertiesWARNING: Font CharisSIL has invalid glyph: 3,687Sep 10, 2019 5:31:37 PM com.itextpdf.io.font.TrueTypeFont initializeFontPropertiesWARNING: Font CharisSIL has invalid glyph: 3,689Sep 10, 2019 5:31:37 PM com.itextpdf.io.font.TrueTypeFont initializeFontPropertiesWARNING: Font CharisSIL has invalid glyph: 3,688Sep 10, 2019 5:31:37 PM com.itextpdf.io.font.TrueTypeFont initializeFontPropertiesWARNING: Font CharisSIL has invalid glyph: 3,690Sep 10, 2019 5:31:37 PM com.itextpdf.io.font.TrueTypeFont initializeFontPropertiesWARNING: Font CharisSIL has invalid glyph: 3,691Sep 10, 2019 5:31:37 PM com.itextpdf.io.font.TrueTypeFont initializeFontPropertiesWARNING: Font CharisSIL-Italic has invalid glyph: 3,685Sep 10, 2019 5:31:37 PM com.itextpdf.io.font.TrueTypeFont initializeFontPropertiesWARNING: Font CharisSIL-Italic has invalid glyph: 3,686Sep 10, 2019 5:31:37 PM com.itextpdf.io.font.TrueTypeFont initializeFontPropertiesWARNING: Font CharisSIL-Italic has invalid glyph: 3,687Sep 10, 2019 5:31:37 PM com.itextpdf.io.font.TrueTypeFont initializeFontPropertiesWARNING: Font CharisSIL-Italic has invalid glyph: 3,689Sep 10, 2019 5:31:37 PM com.itextpdf.io.font.TrueTypeFont initializeFontPropertiesWARNING: Font CharisSIL-Italic has invalid glyph: 3,688Sep 10, 2019 5:31:37 PM com.itextpdf.io.font.TrueTypeFont initializeFontPropertiesWARNING: Font CharisSIL-Italic has invalid glyph: 3,690Sep 10, 2019 5:31:37 PM com.itextpdf.io.font.TrueTypeFont initializeFontPropertiesWARNING: Font CharisSIL-Italic has invalid glyph: 3,691
	at org.darisadesigns.polyglotlina.Java8Bridge.exportPdf(Java8Bridge.java:85)
	at org.darisadesigns.polyglotlina.Screens.ScrPrintToPDF.btnPrintActionPerformed(ScrPrintToPDF.java:343)
	at org.darisadesigns.polyglotlina.Screens.ScrPrintToPDF$3.actionPerformed(ScrPrintToPDF.java:272)
	at java.desktop/javax.swing.AbstractButton.fireActionPerformed(AbstractButton.java:1967)
	at java.desktop/javax.swing.AbstractButton$Handler.actionPerformed(AbstractButton.java:2308)
	at java.desktop/javax.swing.DefaultButtonModel.fireActionPerformed(DefaultButtonModel.java:405)
	at java.desktop/javax.swing.DefaultButtonModel.setPressed(DefaultButtonModel.java:262)
	at java.desktop/javax.swing.plaf.basic.BasicButtonListener.mouseReleased(BasicButtonListener.java:279)
	at java.desktop/java.awt.AWTEventMulticaster.mouseReleased(AWTEventMulticaster.java:297)
	at java.desktop/java.awt.AWTEventMulticaster.mouseReleased(AWTEventMulticaster.java:297)
	at java.desktop/java.awt.Component.processMouseEvent(Component.java:6632)
	at java.desktop/javax.swing.JComponent.processMouseEvent(JComponent.java:3342)
	at java.desktop/java.awt.Component.processEvent(Component.java:6397)
	at java.desktop/java.awt.Container.processEvent(Container.java:2263)
	at java.desktop/java.awt.Component.dispatchEventImpl(Component.java:5008)
	at java.desktop/java.awt.Container.dispatchEventImpl(Container.java:2321)
	at java.desktop/java.awt.Component.dispatchEvent(Component.java:4840)
	at java.desktop/java.awt.LightweightDispatcher.retargetMouseEvent(Container.java:4918)
	at java.desktop/java.awt.LightweightDispatcher.processMouseEvent(Container.java:4547)
	at java.desktop/java.awt.LightweightDispatcher.dispatchEvent(Container.java:4488)
	at java.desktop/java.awt.Container.dispatchEventImpl(Container.java:2307)
	at java.desktop/java.awt.Window.dispatchEventImpl(Window.java:2762)
	at java.desktop/java.awt.Component.dispatchEvent(Component.java:4840)
	at java.desktop/java.awt.EventQueue.dispatchEventImpl(EventQueue.java:772)
	at java.desktop/java.awt.EventQueue$4.run(EventQueue.java:721)
	at java.desktop/java.awt.EventQueue$4.run(EventQueue.java:715)
	at java.base/java.security.AccessController.doPrivileged(AccessController.java:389)
	at java.base/java.security.ProtectionDomain$JavaSecurityAccessImpl.doIntersectionPrivilege(ProtectionDomain.java:85)
	at java.base/java.security.ProtectionDomain$JavaSecurityAccessImpl.doIntersectionPrivilege(ProtectionDomain.java:95)
	at java.desktop/java.awt.EventQueue$5.run(EventQueue.java:745)
	at java.desktop/java.awt.EventQueue$5.run(EventQueue.java:743)
	at java.base/java.security.AccessController.doPrivileged(AccessController.java:389)
	at java.base/java.security.ProtectionDomain$JavaSecurityAccessImpl.doIntersectionPrivilege(ProtectionDomain.java:85)
	at java.desktop/java.awt.EventQueue.dispatchEvent(EventQueue.java:742)
	at java.desktop/java.awt.EventDispatchThread.pumpOneEventForFilters(EventDispatchThread.java:203)
	at java.desktop/java.awt.EventDispatchThread.pumpEventsForFilter(EventDispatchThread.java:124)
	at java.desktop/java.awt.EventDispatchThread.pumpEventsForFilter(EventDispatchThread.java:117)
	at java.desktop/java.awt.WaitDispatchSupport$2.run(WaitDispatchSupport.java:190)
	at java.desktop/java.awt.WaitDispatchSupport$4.run(WaitDispatchSupport.java:235)
	at java.desktop/java.awt.WaitDispatchSupport$4.run(WaitDispatchSupport.java:233)
	at java.base/java.security.AccessController.doPrivileged(AccessController.java:310)
	at java.desktop/java.awt.WaitDispatchSupport.enter(WaitDispatchSupport.java:233)
	at java.desktop/java.awt.Dialog.show(Dialog.java:1070)
	at java.desktop/java.awt.Component.show(Component.java:1716)
	at java.desktop/java.awt.Component.setVisible(Component.java:1663)
	at java.desktop/java.awt.Window.setVisible(Window.java:1021)
	at java.desktop/java.awt.Dialog.setVisible(Dialog.java:1005)
	at org.darisadesigns.polyglotlina.CustomControls.PDialog.setVisible(PDialog.java:168)
	at org.darisadesigns.polyglotlina.Screens.ScrPrintToPDF.lambda$run$0(ScrPrintToPDF.java:403)
	at java.desktop/java.awt.event.InvocationEvent.dispatch(InvocationEvent.java:313)
	at java.desktop/java.awt.EventQueue.dispatchEventImpl(EventQueue.java:770)
	at java.desktop/java.awt.EventQueue$4.run(EventQueue.java:721)
	at java.desktop/java.awt.EventQueue$4.run(EventQueue.java:715)
	at java.base/java.security.AccessController.doPrivileged(AccessController.java:389)
	at java.base/java.security.ProtectionDomain$JavaSecurityAccessImpl.doIntersectionPrivilege(ProtectionDomain.java:85)
	at java.desktop/java.awt.EventQueue.dispatchEvent(EventQueue.java:740)
	at java.desktop/java.awt.EventDispatchThread.pumpOneEventForFilters(EventDispatchThread.java:203)
	at java.desktop/java.awt.EventDispatchThread.pumpEventsForFilter(EventDispatchThread.java:124)
	at java.desktop/java.awt.EventDispatchThread.pumpEventsForHierarchy(EventDispatchThread.java:113)
	at java.desktop/java.awt.EventDispatchThread.pumpEvents(EventDispatchThread.java:109)
	at java.desktop/java.awt.EventDispatchThread.pumpEvents(EventDispatchThread.java:101)
	at java.desktop/java.awt.EventDispatchThread.run(EventDispatchThread.java:90)

